
*****DEBUG*****
builed date:
0 0 0 1 3 0 1 2 3 4 

*****endDEBUG*****

*****DEBUG*****
querying:  2 5

*****endDEBUG*****

*****DEBUG*****
pushed down: 7

*****endDEBUG*****

*****DEBUG*****
pushed down: 10

*****endDEBUG*****

*****DEBUG*****
mr: 0

*****endDEBUG*****

*****DEBUG*****
querying:  2 5

*****endDEBUG*****

*****DEBUG*****
pushed down: 7

*****endDEBUG*****

*****DEBUG*****
pushed down: 10

*****endDEBUG*****

*****DEBUG*****
mr: 0

*****endDEBUG*****

*****DEBUG*****
querying:  4 5

*****endDEBUG*****

*****DEBUG*****
pushed down: 9

*****endDEBUG*****

*****DEBUG*****
pushed down: 10

*****endDEBUG*****

*****DEBUG*****
mr: 0

*****endDEBUG*****

*****DEBUG*****
querying:  2 5

*****endDEBUG*****

*****DEBUG*****
pushed down: 7

*****endDEBUG*****

*****DEBUG*****
pushed down: 10

*****endDEBUG*****

*****DEBUG*****
mr: 0

*****endDEBUG*****
0