
*****DEBUG*****
builed date:
0 0 0 3 0 1 3 5 7 0 1 2 3 4 5 6 7 8 

*****endDEBUG*****

*****DEBUG*****
querying:  1 9

*****endDEBUG*****

*****DEBUG*****
pushed down: 10

*****endDEBUG*****

*****DEBUG*****
pushed down: 18

*****endDEBUG*****

*****DEBUG*****
mr: 0

*****endDEBUG*****

*****DEBUG*****
querying:  3 9

*****endDEBUG*****

*****DEBUG*****
pushed down: 12

*****endDEBUG*****

*****DEBUG*****
pushed down: 18

*****endDEBUG*****

*****DEBUG*****
mr: 0

*****endDEBUG*****

*****DEBUG*****
querying:  4 9

*****endDEBUG*****

*****DEBUG*****
pushed down: 13

*****endDEBUG*****

*****DEBUG*****
pushed down: 18

*****endDEBUG*****

*****DEBUG*****
mr: 0

*****endDEBUG*****

*****DEBUG*****
querying:  3 9

*****endDEBUG*****

*****DEBUG*****
pushed down: 12

*****endDEBUG*****

*****DEBUG*****
pushed down: 18

*****endDEBUG*****

*****DEBUG*****
mr: 0

*****endDEBUG*****

*****DEBUG*****
querying:  3 9

*****endDEBUG*****

*****DEBUG*****
pushed down: 12

*****endDEBUG*****

*****DEBUG*****
pushed down: 18

*****endDEBUG*****

*****DEBUG*****
mr: 0

*****endDEBUG*****

*****DEBUG*****
querying:  0 9

*****endDEBUG*****

*****DEBUG*****
pushed down: 9

*****endDEBUG*****

*****DEBUG*****
pushed down: 18

*****endDEBUG*****

*****DEBUG*****
mr: 0

*****endDEBUG*****

*****DEBUG*****
querying:  8 9

*****endDEBUG*****

*****DEBUG*****
pushed down: 17

*****endDEBUG*****

*****DEBUG*****
pushed down: 18

*****endDEBUG*****

*****DEBUG*****
mr: 0

*****endDEBUG*****

*****DEBUG*****
querying:  7 9

*****endDEBUG*****

*****DEBUG*****
pushed down: 16

*****endDEBUG*****

*****DEBUG*****
pushed down: 18

*****endDEBUG*****

*****DEBUG*****
mr: 0

*****endDEBUG*****

*****DEBUG*****
querying:  6 9

*****endDEBUG*****

*****DEBUG*****
pushed down: 15

*****endDEBUG*****

*****DEBUG*****
pushed down: 18

*****endDEBUG*****

*****DEBUG*****
mr: 0

*****endDEBUG*****

*****DEBUG*****
querying:  6 9

*****endDEBUG*****

*****DEBUG*****
pushed down: 15

*****endDEBUG*****

*****DEBUG*****
pushed down: 18

*****endDEBUG*****

*****DEBUG*****
mr: 0

*****endDEBUG*****
0