
*****DEBUG*****
builed date:
0 0 28 0 28 60 0 12 28 44 60 76 0 4 12 20 28 36 44 52 60 68 76 84 92 0 4 8 12 16 20 24 28 32 36 40 44 48 52 56 60 64 68 72 76 80 84 88 92 96 0 2 4 6 8 10 12 14 16 18 20 22 24 26 28 30 32 34 36 38 40 42 44 46 48 50 52 54 56 58 60 62 64 66 68 70 72 74 76 78 80 82 84 86 88 90 92 94 96 98 0 1 2 3 4 5 6 7 8 9 10 11 12 13 14 15 16 17 18 19 20 21 22 23 24 25 26 27 28 29 30 31 32 33 34 35 36 37 38 39 40 41 42 43 44 45 46 47 48 49 50 51 52 53 54 55 56 57 58 59 60 61 62 63 64 65 66 67 68 69 70 71 72 73 74 75 76 77 78 79 80 81 82 83 84 85 86 87 88 89 90 91 92 93 94 95 96 97 98 99 

*****endDEBUG*****

*****DEBUG*****
querying:  34 100

*****endDEBUG*****

*****DEBUG*****
pushed down: 134

*****endDEBUG*****

*****DEBUG*****
pushed down: 200

*****endDEBUG*****

*****DEBUG*****
mr: 0

*****endDEBUG*****

*****DEBUG*****
querying:  15 100

*****endDEBUG*****

*****DEBUG*****
pushed down: 115

*****endDEBUG*****

*****DEBUG*****
pushed down: 200

*****endDEBUG*****

*****DEBUG*****
mr: 0

*****endDEBUG*****

*****DEBUG*****
querying:  54 100

*****endDEBUG*****

*****DEBUG*****
pushed down: 154

*****endDEBUG*****

*****DEBUG*****
pushed down: 200

*****endDEBUG*****

*****DEBUG*****
mr: 0

*****endDEBUG*****

*****DEBUG*****
querying:  85 100

*****endDEBUG*****

*****DEBUG*****
pushed down: 185

*****endDEBUG*****

*****DEBUG*****
pushed down: 200

*****endDEBUG*****

*****DEBUG*****
mr: 0

*****endDEBUG*****

*****DEBUG*****
querying:  14 100

*****endDEBUG*****

*****DEBUG*****
pushed down: 114

*****endDEBUG*****

*****DEBUG*****
pushed down: 200

*****endDEBUG*****

*****DEBUG*****
mr: 0

*****endDEBUG*****

*****DEBUG*****
querying:  63 100

*****endDEBUG*****

*****DEBUG*****
pushed down: 163

*****endDEBUG*****

*****DEBUG*****
pushed down: 200

*****endDEBUG*****

*****DEBUG*****
mr: 0

*****endDEBUG*****

*****DEBUG*****
querying:  14 100

*****endDEBUG*****

*****DEBUG*****
pushed down: 114

*****endDEBUG*****

*****DEBUG*****
pushed down: 200

*****endDEBUG*****

*****DEBUG*****
mr: 0

*****endDEBUG*****

*****DEBUG*****
querying:  62 100

*****endDEBUG*****

*****DEBUG*****
pushed down: 162

*****endDEBUG*****

*****DEBUG*****
pushed down: 200

*****endDEBUG*****

*****DEBUG*****
mr: 0

*****endDEBUG*****

*****DEBUG*****
querying:  38 100

*****endDEBUG*****

*****DEBUG*****
pushed down: 138

*****endDEBUG*****

*****DEBUG*****
pushed down: 200

*****endDEBUG*****

*****DEBUG*****
mr: 0

*****endDEBUG*****

*****DEBUG*****
querying:  33 100

*****endDEBUG*****

*****DEBUG*****
pushed down: 133

*****endDEBUG*****

*****DEBUG*****
pushed down: 200

*****endDEBUG*****

*****DEBUG*****
mr: 0

*****endDEBUG*****

*****DEBUG*****
querying:  32 100

*****endDEBUG*****

*****DEBUG*****
pushed down: 132

*****endDEBUG*****

*****DEBUG*****
pushed down: 200

*****endDEBUG*****

*****DEBUG*****
mr: 0

*****endDEBUG*****

*****DEBUG*****
querying:  87 100

*****endDEBUG*****

*****DEBUG*****
pushed down: 187

*****endDEBUG*****

*****DEBUG*****
pushed down: 200

*****endDEBUG*****

*****DEBUG*****
mr: 0

*****endDEBUG*****

*****DEBUG*****
querying:  30 100

*****endDEBUG*****

*****DEBUG*****
pushed down: 130

*****endDEBUG*****

*****DEBUG*****
pushed down: 200

*****endDEBUG*****

*****DEBUG*****
mr: 0

*****endDEBUG*****

*****DEBUG*****
querying:  23 100

*****endDEBUG*****

*****DEBUG*****
pushed down: 123

*****endDEBUG*****

*****DEBUG*****
pushed down: 200

*****endDEBUG*****

*****DEBUG*****
mr: 0

*****endDEBUG*****

*****DEBUG*****
querying:  16 100

*****endDEBUG*****

*****DEBUG*****
pushed down: 116

*****endDEBUG*****

*****DEBUG*****
pushed down: 200

*****endDEBUG*****

*****DEBUG*****
mr: 0

*****endDEBUG*****

*****DEBUG*****
querying:  8 100

*****endDEBUG*****

*****DEBUG*****
pushed down: 108

*****endDEBUG*****

*****DEBUG*****
pushed down: 200

*****endDEBUG*****

*****DEBUG*****
mr: 0

*****endDEBUG*****

*****DEBUG*****
querying:  31 100

*****endDEBUG*****

*****DEBUG*****
pushed down: 131

*****endDEBUG*****

*****DEBUG*****
pushed down: 200

*****endDEBUG*****

*****DEBUG*****
mr: 0

*****endDEBUG*****

*****DEBUG*****
querying:  12 100

*****endDEBUG*****

*****DEBUG*****
pushed down: 112

*****endDEBUG*****

*****DEBUG*****
pushed down: 200

*****endDEBUG*****

*****DEBUG*****
mr: 0

*****endDEBUG*****

*****DEBUG*****
querying:  49 100

*****endDEBUG*****

*****DEBUG*****
pushed down: 149

*****endDEBUG*****

*****DEBUG*****
pushed down: 200

*****endDEBUG*****

*****DEBUG*****
mr: 0

*****endDEBUG*****

*****DEBUG*****
querying:  66 100

*****endDEBUG*****

*****DEBUG*****
pushed down: 166

*****endDEBUG*****

*****DEBUG*****
pushed down: 200

*****endDEBUG*****

*****DEBUG*****
mr: 0

*****endDEBUG*****

*****DEBUG*****
querying:  22 100

*****endDEBUG*****

*****DEBUG*****
pushed down: 122

*****endDEBUG*****

*****DEBUG*****
pushed down: 200

*****endDEBUG*****

*****DEBUG*****
mr: 0

*****endDEBUG*****

*****DEBUG*****
querying:  39 100

*****endDEBUG*****

*****DEBUG*****
pushed down: 139

*****endDEBUG*****

*****DEBUG*****
pushed down: 200

*****endDEBUG*****

*****DEBUG*****
mr: 0

*****endDEBUG*****

*****DEBUG*****
querying:  47 100

*****endDEBUG*****

*****DEBUG*****
pushed down: 147

*****endDEBUG*****

*****DEBUG*****
pushed down: 200

*****endDEBUG*****

*****DEBUG*****
mr: 0

*****endDEBUG*****

*****DEBUG*****
querying:  82 100

*****endDEBUG*****

*****DEBUG*****
pushed down: 182

*****endDEBUG*****

*****DEBUG*****
pushed down: 200

*****endDEBUG*****

*****DEBUG*****
mr: 0

*****endDEBUG*****

*****DEBUG*****
querying:  79 100

*****endDEBUG*****

*****DEBUG*****
pushed down: 179

*****endDEBUG*****

*****DEBUG*****
pushed down: 200

*****endDEBUG*****

*****DEBUG*****
mr: 0

*****endDEBUG*****

*****DEBUG*****
querying:  49 100

*****endDEBUG*****

*****DEBUG*****
pushed down: 149

*****endDEBUG*****

*****DEBUG*****
pushed down: 200

*****endDEBUG*****

*****DEBUG*****
mr: 0

*****endDEBUG*****

*****DEBUG*****
querying:  25 100

*****endDEBUG*****

*****DEBUG*****
pushed down: 125

*****endDEBUG*****

*****DEBUG*****
pushed down: 200

*****endDEBUG*****

*****DEBUG*****
mr: 0

*****endDEBUG*****

*****DEBUG*****
querying:  6 100

*****endDEBUG*****

*****DEBUG*****
pushed down: 106

*****endDEBUG*****

*****DEBUG*****
pushed down: 200

*****endDEBUG*****

*****DEBUG*****
mr: 0

*****endDEBUG*****

*****DEBUG*****
querying:  54 100

*****endDEBUG*****

*****DEBUG*****
pushed down: 154

*****endDEBUG*****

*****DEBUG*****
pushed down: 200

*****endDEBUG*****

*****DEBUG*****
mr: 0

*****endDEBUG*****

*****DEBUG*****
querying:  37 100

*****endDEBUG*****

*****DEBUG*****
pushed down: 137

*****endDEBUG*****

*****DEBUG*****
pushed down: 200

*****endDEBUG*****

*****DEBUG*****
mr: 0

*****endDEBUG*****

*****DEBUG*****
querying:  34 100

*****endDEBUG*****

*****DEBUG*****
pushed down: 134

*****endDEBUG*****

*****DEBUG*****
pushed down: 200

*****endDEBUG*****

*****DEBUG*****
mr: 0

*****endDEBUG*****

*****DEBUG*****
querying:  12 100

*****endDEBUG*****

*****DEBUG*****
pushed down: 112

*****endDEBUG*****

*****DEBUG*****
pushed down: 200

*****endDEBUG*****

*****DEBUG*****
mr: 0

*****endDEBUG*****

*****DEBUG*****
querying:  21 100

*****endDEBUG*****

*****DEBUG*****
pushed down: 121

*****endDEBUG*****

*****DEBUG*****
pushed down: 200

*****endDEBUG*****

*****DEBUG*****
mr: 0

*****endDEBUG*****

*****DEBUG*****
querying:  12 100

*****endDEBUG*****

*****DEBUG*****
pushed down: 112

*****endDEBUG*****

*****DEBUG*****
pushed down: 200

*****endDEBUG*****

*****DEBUG*****
mr: 0

*****endDEBUG*****

*****DEBUG*****
querying:  79 100

*****endDEBUG*****

*****DEBUG*****
pushed down: 179

*****endDEBUG*****

*****DEBUG*****
pushed down: 200

*****endDEBUG*****

*****DEBUG*****
mr: 0

*****endDEBUG*****

*****DEBUG*****
querying:  93 100

*****endDEBUG*****

*****DEBUG*****
pushed down: 193

*****endDEBUG*****

*****DEBUG*****
pushed down: 200

*****endDEBUG*****

*****DEBUG*****
mr: 0

*****endDEBUG*****

*****DEBUG*****
querying:  90 100

*****endDEBUG*****

*****DEBUG*****
pushed down: 190

*****endDEBUG*****

*****DEBUG*****
pushed down: 200

*****endDEBUG*****

*****DEBUG*****
mr: 0

*****endDEBUG*****

*****DEBUG*****
querying:  12 100

*****endDEBUG*****

*****DEBUG*****
pushed down: 112

*****endDEBUG*****

*****DEBUG*****
pushed down: 200

*****endDEBUG*****

*****DEBUG*****
mr: 0

*****endDEBUG*****

*****DEBUG*****
querying:  77 100

*****endDEBUG*****

*****DEBUG*****
pushed down: 177

*****endDEBUG*****

*****DEBUG*****
pushed down: 200

*****endDEBUG*****

*****DEBUG*****
mr: 0

*****endDEBUG*****

*****DEBUG*****
querying:  45 100

*****endDEBUG*****

*****DEBUG*****
pushed down: 145

*****endDEBUG*****

*****DEBUG*****
pushed down: 200

*****endDEBUG*****

*****DEBUG*****
mr: 0

*****endDEBUG*****

*****DEBUG*****
querying:  42 100

*****endDEBUG*****

*****DEBUG*****
pushed down: 142

*****endDEBUG*****

*****DEBUG*****
pushed down: 200

*****endDEBUG*****

*****DEBUG*****
mr: 0

*****endDEBUG*****

*****DEBUG*****
querying:  54 100

*****endDEBUG*****

*****DEBUG*****
pushed down: 154

*****endDEBUG*****

*****DEBUG*****
pushed down: 200

*****endDEBUG*****

*****DEBUG*****
mr: 0

*****endDEBUG*****

*****DEBUG*****
querying:  76 100

*****endDEBUG*****

*****DEBUG*****
pushed down: 176

*****endDEBUG*****

*****DEBUG*****
pushed down: 200

*****endDEBUG*****

*****DEBUG*****
mr: 0

*****endDEBUG*****

*****DEBUG*****
querying:  10 100

*****endDEBUG*****

*****DEBUG*****
pushed down: 110

*****endDEBUG*****

*****DEBUG*****
pushed down: 200

*****endDEBUG*****

*****DEBUG*****
mr: 0

*****endDEBUG*****

*****DEBUG*****
querying:  26 100

*****endDEBUG*****

*****DEBUG*****
pushed down: 126

*****endDEBUG*****

*****DEBUG*****
pushed down: 200

*****endDEBUG*****

*****DEBUG*****
mr: 0

*****endDEBUG*****

*****DEBUG*****
querying:  17 100

*****endDEBUG*****

*****DEBUG*****
pushed down: 117

*****endDEBUG*****

*****DEBUG*****
pushed down: 200

*****endDEBUG*****

*****DEBUG*****
mr: 0

*****endDEBUG*****

*****DEBUG*****
querying:  94 100

*****endDEBUG*****

*****DEBUG*****
pushed down: 194

*****endDEBUG*****

*****DEBUG*****
pushed down: 200

*****endDEBUG*****

*****DEBUG*****
mr: 0

*****endDEBUG*****

*****DEBUG*****
querying:  27 100

*****endDEBUG*****

*****DEBUG*****
pushed down: 127

*****endDEBUG*****

*****DEBUG*****
pushed down: 200

*****endDEBUG*****

*****DEBUG*****
mr: 0

*****endDEBUG*****

*****DEBUG*****
querying:  51 100

*****endDEBUG*****

*****DEBUG*****
pushed down: 151

*****endDEBUG*****

*****DEBUG*****
pushed down: 200

*****endDEBUG*****

*****DEBUG*****
mr: 0

*****endDEBUG*****

*****DEBUG*****
querying:  58 100

*****endDEBUG*****

*****DEBUG*****
pushed down: 158

*****endDEBUG*****

*****DEBUG*****
pushed down: 200

*****endDEBUG*****

*****DEBUG*****
mr: 0

*****endDEBUG*****

*****DEBUG*****
querying:  17 100

*****endDEBUG*****

*****DEBUG*****
pushed down: 117

*****endDEBUG*****

*****DEBUG*****
pushed down: 200

*****endDEBUG*****

*****DEBUG*****
mr: 0

*****endDEBUG*****

*****DEBUG*****
querying:  10 100

*****endDEBUG*****

*****DEBUG*****
pushed down: 110

*****endDEBUG*****

*****DEBUG*****
pushed down: 200

*****endDEBUG*****

*****DEBUG*****
mr: 0

*****endDEBUG*****

*****DEBUG*****
querying:  4 100

*****endDEBUG*****

*****DEBUG*****
pushed down: 104

*****endDEBUG*****

*****DEBUG*****
pushed down: 200

*****endDEBUG*****

*****DEBUG*****
mr: 0

*****endDEBUG*****

*****DEBUG*****
querying:  24 100

*****endDEBUG*****

*****DEBUG*****
pushed down: 124

*****endDEBUG*****

*****DEBUG*****
pushed down: 200

*****endDEBUG*****

*****DEBUG*****
mr: 0

*****endDEBUG*****

*****DEBUG*****
querying:  17 100

*****endDEBUG*****

*****DEBUG*****
pushed down: 117

*****endDEBUG*****

*****DEBUG*****
pushed down: 200

*****endDEBUG*****

*****DEBUG*****
mr: 0

*****endDEBUG*****

*****DEBUG*****
querying:  42 100

*****endDEBUG*****

*****DEBUG*****
pushed down: 142

*****endDEBUG*****

*****DEBUG*****
pushed down: 200

*****endDEBUG*****

*****DEBUG*****
mr: 0

*****endDEBUG*****

*****DEBUG*****
querying:  87 100

*****endDEBUG*****

*****DEBUG*****
pushed down: 187

*****endDEBUG*****

*****DEBUG*****
pushed down: 200

*****endDEBUG*****

*****DEBUG*****
mr: 0

*****endDEBUG*****

*****DEBUG*****
querying:  64 100

*****endDEBUG*****

*****DEBUG*****
pushed down: 164

*****endDEBUG*****

*****DEBUG*****
pushed down: 200

*****endDEBUG*****

*****DEBUG*****
mr: 0

*****endDEBUG*****

*****DEBUG*****
querying:  20 100

*****endDEBUG*****

*****DEBUG*****
pushed down: 120

*****endDEBUG*****

*****DEBUG*****
pushed down: 200

*****endDEBUG*****

*****DEBUG*****
mr: 0

*****endDEBUG*****

*****DEBUG*****
querying:  68 100

*****endDEBUG*****

*****DEBUG*****
pushed down: 168

*****endDEBUG*****

*****DEBUG*****
pushed down: 200

*****endDEBUG*****

*****DEBUG*****
mr: 0

*****endDEBUG*****

*****DEBUG*****
querying:  11 100

*****endDEBUG*****

*****DEBUG*****
pushed down: 111

*****endDEBUG*****

*****DEBUG*****
pushed down: 200

*****endDEBUG*****

*****DEBUG*****
mr: 0

*****endDEBUG*****

*****DEBUG*****
querying:  18 100

*****endDEBUG*****

*****DEBUG*****
pushed down: 118

*****endDEBUG*****

*****DEBUG*****
pushed down: 200

*****endDEBUG*****

*****DEBUG*****
mr: 0

*****endDEBUG*****

*****DEBUG*****
querying:  69 100

*****endDEBUG*****

*****DEBUG*****
pushed down: 169

*****endDEBUG*****

*****DEBUG*****
pushed down: 200

*****endDEBUG*****

*****DEBUG*****
mr: 0

*****endDEBUG*****

*****DEBUG*****
querying:  52 100

*****endDEBUG*****

*****DEBUG*****
pushed down: 152

*****endDEBUG*****

*****DEBUG*****
pushed down: 200

*****endDEBUG*****

*****DEBUG*****
mr: 0

*****endDEBUG*****

*****DEBUG*****
querying:  93 100

*****endDEBUG*****

*****DEBUG*****
pushed down: 193

*****endDEBUG*****

*****DEBUG*****
pushed down: 200

*****endDEBUG*****

*****DEBUG*****
mr: 0

*****endDEBUG*****

*****DEBUG*****
querying:  67 100

*****endDEBUG*****

*****DEBUG*****
pushed down: 167

*****endDEBUG*****

*****DEBUG*****
pushed down: 200

*****endDEBUG*****

*****DEBUG*****
mr: 0

*****endDEBUG*****

*****DEBUG*****
querying:  54 100

*****endDEBUG*****

*****DEBUG*****
pushed down: 154

*****endDEBUG*****

*****DEBUG*****
pushed down: 200

*****endDEBUG*****

*****DEBUG*****
mr: 0

*****endDEBUG*****

*****DEBUG*****
querying:  8 100

*****endDEBUG*****

*****DEBUG*****
pushed down: 108

*****endDEBUG*****

*****DEBUG*****
pushed down: 200

*****endDEBUG*****

*****DEBUG*****
mr: 0

*****endDEBUG*****

*****DEBUG*****
querying:  36 100

*****endDEBUG*****

*****DEBUG*****
pushed down: 136

*****endDEBUG*****

*****DEBUG*****
pushed down: 200

*****endDEBUG*****

*****DEBUG*****
mr: 0

*****endDEBUG*****

*****DEBUG*****
querying:  71 100

*****endDEBUG*****

*****DEBUG*****
pushed down: 171

*****endDEBUG*****

*****DEBUG*****
pushed down: 200

*****endDEBUG*****

*****DEBUG*****
mr: 0

*****endDEBUG*****

*****DEBUG*****
querying:  99 100

*****endDEBUG*****

*****DEBUG*****
pushed down: 199

*****endDEBUG*****

*****DEBUG*****
pushed down: 200

*****endDEBUG*****

*****DEBUG*****
mr: 0

*****endDEBUG*****

*****DEBUG*****
querying:  9 100

*****endDEBUG*****

*****DEBUG*****
pushed down: 109

*****endDEBUG*****

*****DEBUG*****
pushed down: 200

*****endDEBUG*****

*****DEBUG*****
mr: 0

*****endDEBUG*****

*****DEBUG*****
querying:  49 100

*****endDEBUG*****

*****DEBUG*****
pushed down: 149

*****endDEBUG*****

*****DEBUG*****
pushed down: 200

*****endDEBUG*****

*****DEBUG*****
mr: 0

*****endDEBUG*****

*****DEBUG*****
querying:  58 100

*****endDEBUG*****

*****DEBUG*****
pushed down: 158

*****endDEBUG*****

*****DEBUG*****
pushed down: 200

*****endDEBUG*****

*****DEBUG*****
mr: 0

*****endDEBUG*****

*****DEBUG*****
querying:  57 100

*****endDEBUG*****

*****DEBUG*****
pushed down: 157

*****endDEBUG*****

*****DEBUG*****
pushed down: 200

*****endDEBUG*****

*****DEBUG*****
mr: 0

*****endDEBUG*****

*****DEBUG*****
querying:  61 100

*****endDEBUG*****

*****DEBUG*****
pushed down: 161

*****endDEBUG*****

*****DEBUG*****
pushed down: 200

*****endDEBUG*****

*****DEBUG*****
mr: 0

*****endDEBUG*****

*****DEBUG*****
querying:  33 100

*****endDEBUG*****

*****DEBUG*****
pushed down: 133

*****endDEBUG*****

*****DEBUG*****
pushed down: 200

*****endDEBUG*****

*****DEBUG*****
mr: 0

*****endDEBUG*****

*****DEBUG*****
querying:  74 100

*****endDEBUG*****

*****DEBUG*****
pushed down: 174

*****endDEBUG*****

*****DEBUG*****
pushed down: 200

*****endDEBUG*****

*****DEBUG*****
mr: 0

*****endDEBUG*****

*****DEBUG*****
querying:  91 100

*****endDEBUG*****

*****DEBUG*****
pushed down: 191

*****endDEBUG*****

*****DEBUG*****
pushed down: 200

*****endDEBUG*****

*****DEBUG*****
mr: 0

*****endDEBUG*****

*****DEBUG*****
querying:  67 100

*****endDEBUG*****

*****DEBUG*****
pushed down: 167

*****endDEBUG*****

*****DEBUG*****
pushed down: 200

*****endDEBUG*****

*****DEBUG*****
mr: 0

*****endDEBUG*****

*****DEBUG*****
querying:  10 100

*****endDEBUG*****

*****DEBUG*****
pushed down: 110

*****endDEBUG*****

*****DEBUG*****
pushed down: 200

*****endDEBUG*****

*****DEBUG*****
mr: 0

*****endDEBUG*****

*****DEBUG*****
querying:  24 100

*****endDEBUG*****

*****DEBUG*****
pushed down: 124

*****endDEBUG*****

*****DEBUG*****
pushed down: 200

*****endDEBUG*****

*****DEBUG*****
mr: 0

*****endDEBUG*****

*****DEBUG*****
querying:  92 100

*****endDEBUG*****

*****DEBUG*****
pushed down: 192

*****endDEBUG*****

*****DEBUG*****
pushed down: 200

*****endDEBUG*****

*****DEBUG*****
mr: 0

*****endDEBUG*****

*****DEBUG*****
querying:  21 100

*****endDEBUG*****

*****DEBUG*****
pushed down: 121

*****endDEBUG*****

*****DEBUG*****
pushed down: 200

*****endDEBUG*****

*****DEBUG*****
mr: 0

*****endDEBUG*****

*****DEBUG*****
querying:  68 100

*****endDEBUG*****

*****DEBUG*****
pushed down: 168

*****endDEBUG*****

*****DEBUG*****
pushed down: 200

*****endDEBUG*****

*****DEBUG*****
mr: 0

*****endDEBUG*****

*****DEBUG*****
querying:  29 100

*****endDEBUG*****

*****DEBUG*****
pushed down: 129

*****endDEBUG*****

*****DEBUG*****
pushed down: 200

*****endDEBUG*****

*****DEBUG*****
mr: 0

*****endDEBUG*****

*****DEBUG*****
querying:  75 100

*****endDEBUG*****

*****DEBUG*****
pushed down: 175

*****endDEBUG*****

*****DEBUG*****
pushed down: 200

*****endDEBUG*****

*****DEBUG*****
mr: 0

*****endDEBUG*****

*****DEBUG*****
querying:  89 100

*****endDEBUG*****

*****DEBUG*****
pushed down: 189

*****endDEBUG*****

*****DEBUG*****
pushed down: 200

*****endDEBUG*****

*****DEBUG*****
mr: 0

*****endDEBUG*****

*****DEBUG*****
querying:  79 100

*****endDEBUG*****

*****DEBUG*****
pushed down: 179

*****endDEBUG*****

*****DEBUG*****
pushed down: 200

*****endDEBUG*****

*****DEBUG*****
mr: 0

*****endDEBUG*****

*****DEBUG*****
querying:  36 100

*****endDEBUG*****

*****DEBUG*****
pushed down: 136

*****endDEBUG*****

*****DEBUG*****
pushed down: 200

*****endDEBUG*****

*****DEBUG*****
mr: 0

*****endDEBUG*****

*****DEBUG*****
querying:  62 100

*****endDEBUG*****

*****DEBUG*****
pushed down: 162

*****endDEBUG*****

*****DEBUG*****
pushed down: 200

*****endDEBUG*****

*****DEBUG*****
mr: 0

*****endDEBUG*****

*****DEBUG*****
querying:  42 100

*****endDEBUG*****

*****DEBUG*****
pushed down: 142

*****endDEBUG*****

*****DEBUG*****
pushed down: 200

*****endDEBUG*****

*****DEBUG*****
mr: 0

*****endDEBUG*****

*****DEBUG*****
querying:  96 100

*****endDEBUG*****

*****DEBUG*****
pushed down: 196

*****endDEBUG*****

*****DEBUG*****
pushed down: 200

*****endDEBUG*****

*****DEBUG*****
mr: 0

*****endDEBUG*****

*****DEBUG*****
querying:  42 100

*****endDEBUG*****

*****DEBUG*****
pushed down: 142

*****endDEBUG*****

*****DEBUG*****
pushed down: 200

*****endDEBUG*****

*****DEBUG*****
mr: 0

*****endDEBUG*****

*****DEBUG*****
querying:  19 100

*****endDEBUG*****

*****DEBUG*****
pushed down: 119

*****endDEBUG*****

*****DEBUG*****
pushed down: 200

*****endDEBUG*****

*****DEBUG*****
mr: 0

*****endDEBUG*****

*****DEBUG*****
querying:  64 100

*****endDEBUG*****

*****DEBUG*****
pushed down: 164

*****endDEBUG*****

*****DEBUG*****
pushed down: 200

*****endDEBUG*****

*****DEBUG*****
mr: 0

*****endDEBUG*****

*****DEBUG*****
querying:  83 100

*****endDEBUG*****

*****DEBUG*****
pushed down: 183

*****endDEBUG*****

*****DEBUG*****
pushed down: 200

*****endDEBUG*****

*****DEBUG*****
mr: 0

*****endDEBUG*****

*****DEBUG*****
querying:  0 100

*****endDEBUG*****

*****DEBUG*****
pushed down: 100

*****endDEBUG*****

*****DEBUG*****
pushed down: 200

*****endDEBUG*****

*****DEBUG*****
mr: 0

*****endDEBUG*****

*****DEBUG*****
querying:  94 100

*****endDEBUG*****

*****DEBUG*****
pushed down: 194

*****endDEBUG*****

*****DEBUG*****
pushed down: 200

*****endDEBUG*****

*****DEBUG*****
mr: 0

*****endDEBUG*****

*****DEBUG*****
querying:  2 100

*****endDEBUG*****

*****DEBUG*****
pushed down: 102

*****endDEBUG*****

*****DEBUG*****
pushed down: 200

*****endDEBUG*****

*****DEBUG*****
mr: 0

*****endDEBUG*****
0